
Jun 22, 2018 17:55:40.12 NEW SESSION
Jun 22, 2018 17:55:40.12 ATTENTION: default value of option force_s3tc_enable overridden by environment.
Jun 22, 2018 17:55:41.58 Created new window in existing browser session.
Jun 22, 2018 18:02:23.55 ATTENTION: default value of option force_s3tc_enable overridden by environment.
Jun 22, 2018 18:02:23.65 Created new window in existing browser session.
Jun 22, 2018 18:07:07.00 Created new window in existing browser session.
Jun 22, 2018 18:07:55.08 Created new window in existing browser session.
Jun 22, 2018 18:09:01.79 ATTENTION: default value of option force_s3tc_enable overridden by environment.
Jun 22, 2018 18:09:01.88 Created new window in existing browser session.
Jun 22, 2018 19:09:28.76 Created new window in existing browser session.
Jun 22, 2018 19:16:10.58 Created new window in existing browser session.
Jun 22, 2018 19:17:27.52 Created new window in existing browser session.
Jun 22, 2018 19:18:53.21 Created new window in existing browser session.
Jun 22, 2018 19:20:15.62 Created new window in existing browser session.
Jun 22, 2018 19:22:53.74 Created new window in existing browser session.
Jun 22, 2018 19:24:17.32 ATTENTION: default value of option force_s3tc_enable overridden by environment.
Jun 22, 2018 19:25:19.76 [1:18:0622/192519.761226:ERROR:adm_helpers.cc(73)] Failed to query stereo recording.
Jun 22, 2018 19:25:22.06 [1:17:0622/192522.061712:ERROR:adm_helpers.cc(73)] Failed to query stereo recording.
Jun 22, 2018 19:46:43.10 ATTENTION: default value of option force_s3tc_enable overridden by environment.
Jun 22, 2018 19:46:43.32 Created new window in existing browser session.

Jun 23, 2018 09:42:09.93 NEW SESSION
Jun 23, 2018 09:42:09.93 Created new window in existing browser session.
Jun 23, 2018 10:25:41.92 ATTENTION: default value of option force_s3tc_enable overridden by environment.
Jun 23, 2018 10:25:42.22 Created new window in existing browser session.
Jun 23, 2018 10:28:42.36 ATTENTION: default value of option force_s3tc_enable overridden by environment.
Jun 23, 2018 10:28:42.57 Created new window in existing browser session.
Jun 23, 2018 10:45:53.11 ATTENTION: default value of option force_s3tc_enable overridden by environment.
Jun 23, 2018 10:45:53.31 Created new window in existing browser session.
Jun 23, 2018 10:47:13.04 Created new window in existing browser session.
Jun 23, 2018 11:59:33.69 ATTENTION: default value of option force_s3tc_enable overridden by environment.
Jun 23, 2018 11:59:33.94 Created new window in existing browser session.
Jun 23, 2018 12:01:32.09 Created new window in existing browser session.
Jun 23, 2018 12:02:56.33 Created new window in existing browser session.
Jun 23, 2018 12:11:36.65 ATTENTION: default value of option force_s3tc_enable overridden by environment.
Jun 23, 2018 12:11:36.80 Created new window in existing browser session.
Jun 23, 2018 12:34:16.08 ATTENTION: default value of option force_s3tc_enable overridden by environment.
Jun 23, 2018 12:34:16.90 Created new window in existing browser session.
Jun 23, 2018 12:44:05.55 ATTENTION: default value of option force_s3tc_enable overridden by environment.
Jun 23, 2018 12:44:05.78 Created new window in existing browser session.
Jun 23, 2018 12:45:27.80 ATTENTION: default value of option force_s3tc_enable overridden by environment.
Jun 23, 2018 12:45:27.91 Created new window in existing browser session.
Jun 23, 2018 12:47:47.81 ATTENTION: default value of option force_s3tc_enable overridden by environment.
Jun 23, 2018 12:47:47.96 Created new window in existing browser session.
Jun 23, 2018 14:47:19.25 ATTENTION: default value of option force_s3tc_enable overridden by environment.
Jun 23, 2018 14:47:27.27 Created new window in existing browser session.
Jun 23, 2018 15:08:05.08 ATTENTION: default value of option force_s3tc_enable overridden by environment.
Jun 23, 2018 15:08:05.90 Created new window in existing browser session.
Jun 23, 2018 15:12:36.12 ATTENTION: default value of option force_s3tc_enable overridden by environment.
Jun 23, 2018 15:12:36.28 Created new window in existing browser session.
Jun 23, 2018 15:15:06.49 Created new window in existing browser session.
Jun 23, 2018 15:17:21.61 ATTENTION: default value of option force_s3tc_enable overridden by environment.
Jun 23, 2018 15:17:21.96 Created new window in existing browser session.
Jun 23, 2018 15:33:39.61 ATTENTION: default value of option force_s3tc_enable overridden by environment.
Jun 23, 2018 15:33:40.12 Created new window in existing browser session.
Jun 23, 2018 15:40:39.76 ATTENTION: default value of option force_s3tc_enable overridden by environment.
Jun 23, 2018 15:40:40.05 Created new window in existing browser session.
Jun 23, 2018 15:42:27.05 Created new window in existing browser session.

Jun 23, 2018 16:04:14.80 NEW SESSION
Jun 23, 2018 16:04:14.80 ATTENTION: default value of option force_s3tc_enable overridden by environment.
Jun 23, 2018 16:04:15.02 Created new window in existing browser session.
Jun 23, 2018 16:12:40.08 Created new window in existing browser session.
Jun 23, 2018 16:13:57.93 Created new window in existing browser session.
Jun 23, 2018 16:14:18.07 ATTENTION: default value of option force_s3tc_enable overridden by environment.
Jun 23, 2018 16:14:18.20 Created new window in existing browser session.
Jun 23, 2018 16:16:58.29 ATTENTION: default value of option force_s3tc_enable overridden by environment.
Jun 23, 2018 16:16:58.38 Created new window in existing browser session.
Jun 23, 2018 16:23:57.57 Created new window in existing browser session.
Jun 23, 2018 16:31:15.35 ATTENTION: default value of option force_s3tc_enable overridden by environment.
Jun 23, 2018 16:31:15.44 Created new window in existing browser session.
Jun 23, 2018 17:00:58.67 Created new window in existing browser session.
Jun 23, 2018 17:10:06.78 Created new window in existing browser session.

Jun 23, 2018 18:53:47.69 NEW SESSION
Jun 23, 2018 18:53:47.70 ATTENTION: default value of option force_s3tc_enable overridden by environment.
Jun 23, 2018 18:53:54.33 [2847:2847:0623/185354.332951:ERROR:in_progress_cache_impl.cc(188)] Cache is not initialized, cannot RetrieveEntry.
Jun 23, 2018 18:53:54.33 [2847:2847:0623/185354.333253:ERROR:in_progress_cache_impl.cc(188)] Cache is not initialized, cannot RetrieveEntry.
Jun 23, 2018 18:53:54.33 [2847:2847:0623/185354.333280:ERROR:in_progress_cache_impl.cc(188)] Cache is not initialized, cannot RetrieveEntry.
Jun 23, 2018 18:53:54.33 [2847:2847:0623/185354.333300:ERROR:in_progress_cache_impl.cc(188)] Cache is not initialized, cannot RetrieveEntry.
Jun 23, 2018 18:53:54.33 [2847:2847:0623/185354.333321:ERROR:in_progress_cache_impl.cc(188)] Cache is not initialized, cannot RetrieveEntry.
Jun 23, 2018 18:53:54.33 [2847:2847:0623/185354.333340:ERROR:in_progress_cache_impl.cc(188)] Cache is not initialized, cannot RetrieveEntry.
Jun 23, 2018 18:53:54.33 [2847:2847:0623/185354.333357:ERROR:in_progress_cache_impl.cc(188)] Cache is not initialized, cannot RetrieveEntry.
Jun 23, 2018 18:53:54.33 [2847:2847:0623/185354.333376:ERROR:in_progress_cache_impl.cc(188)] Cache is not initialized, cannot RetrieveEntry.
Jun 23, 2018 18:53:54.33 [2847:2847:0623/185354.333392:ERROR:in_progress_cache_impl.cc(188)] Cache is not initialized, cannot RetrieveEntry.
Jun 23, 2018 18:53:54.33 [2847:2847:0623/185354.333407:ERROR:in_progress_cache_impl.cc(188)] Cache is not initialized, cannot RetrieveEntry.
Jun 23, 2018 18:53:54.33 [2847:2847:0623/185354.333427:ERROR:in_progress_cache_impl.cc(188)] Cache is not initialized, cannot RetrieveEntry.
Jun 23, 2018 18:53:54.33 [2847:2847:0623/185354.333447:ERROR:in_progress_cache_impl.cc(188)] Cache is not initialized, cannot RetrieveEntry.
Jun 23, 2018 18:53:54.33 [2847:2847:0623/185354.333463:ERROR:in_progress_cache_impl.cc(188)] Cache is not initialized, cannot RetrieveEntry.
Jun 23, 2018 18:53:54.33 [2847:2847:0623/185354.333479:ERROR:in_progress_cache_impl.cc(188)] Cache is not initialized, cannot RetrieveEntry.
Jun 23, 2018 18:53:54.33 [2847:2847:0623/185354.333494:ERROR:in_progress_cache_impl.cc(188)] Cache is not initialized, cannot RetrieveEntry.
Jun 23, 2018 18:53:54.33 [2847:2847:0623/185354.333511:ERROR:in_progress_cache_impl.cc(188)] Cache is not initialized, cannot RetrieveEntry.
Jun 23, 2018 18:53:54.33 [2847:2847:0623/185354.333526:ERROR:in_progress_cache_impl.cc(188)] Cache is not initialized, cannot RetrieveEntry.
Jun 23, 2018 18:53:54.33 [2847:2847:0623/185354.333541:ERROR:in_progress_cache_impl.cc(188)] Cache is not initialized, cannot RetrieveEntry.
Jun 23, 2018 18:53:54.33 [2847:2847:0623/185354.333557:ERROR:in_progress_cache_impl.cc(188)] Cache is not initialized, cannot RetrieveEntry.
Jun 23, 2018 18:53:54.33 [2847:2847:0623/185354.333577:ERROR:in_progress_cache_impl.cc(188)] Cache is not initialized, cannot RetrieveEntry.
Jun 23, 2018 18:53:54.33 [2847:2847:0623/185354.333595:ERROR:in_progress_cache_impl.cc(188)] Cache is not initialized, cannot RetrieveEntry.
Jun 23, 2018 18:53:54.33 [2847:2847:0623/185354.333610:ERROR:in_progress_cache_impl.cc(188)] Cache is not initialized, cannot RetrieveEntry.
Jun 23, 2018 18:53:54.33 [2847:2847:0623/185354.333628:ERROR:in_progress_cache_impl.cc(188)] Cache is not initialized, cannot RetrieveEntry.
Jun 23, 2018 18:53:54.33 [2847:2847:0623/185354.333644:ERROR:in_progress_cache_impl.cc(188)] Cache is not initialized, cannot RetrieveEntry.
Jun 23, 2018 18:53:54.33 [2847:2847:0623/185354.333662:ERROR:in_progress_cache_impl.cc(188)] Cache is not initialized, cannot RetrieveEntry.
Jun 23, 2018 18:53:54.33 [2847:2847:0623/185354.333678:ERROR:in_progress_cache_impl.cc(188)] Cache is not initialized, cannot RetrieveEntry.
Jun 23, 2018 18:53:54.33 [2847:2847:0623/185354.333692:ERROR:in_progress_cache_impl.cc(188)] Cache is not initialized, cannot RetrieveEntry.
Jun 23, 2018 18:53:54.33 [2847:2847:0623/185354.333707:ERROR:in_progress_cache_impl.cc(188)] Cache is not initialized, cannot RetrieveEntry.
Jun 23, 2018 18:53:54.33 [2847:2847:0623/185354.333723:ERROR:in_progress_cache_impl.cc(188)] Cache is not initialized, cannot RetrieveEntry.
Jun 23, 2018 18:53:54.33 [2847:2847:0623/185354.333741:ERROR:in_progress_cache_impl.cc(188)] Cache is not initialized, cannot RetrieveEntry.
Jun 23, 2018 18:53:54.33 [2847:2847:0623/185354.333756:ERROR:in_progress_cache_impl.cc(188)] Cache is not initialized, cannot RetrieveEntry.
Jun 23, 2018 18:55:05.16 [1:17:0623/185505.167752:ERROR:adm_helpers.cc(73)] Failed to query stereo recording.
Jun 23, 2018 19:08:51.69 Created new window in existing browser session.

Jun 25, 2018 10:18:59.43 NEW SESSION
Jun 25, 2018 10:18:59.43 ATTENTION: default value of option force_s3tc_enable overridden by environment.
Jun 25, 2018 10:18:59.63 Created new window in existing browser session.
Jun 25, 2018 10:59:40.11 Created new window in existing browser session.
Jun 25, 2018 12:32:19.77 Created new window in existing browser session.
Jun 25, 2018 12:39:56.44 ATTENTION: default value of option force_s3tc_enable overridden by environment.
Jun 25, 2018 12:39:56.72 Created new window in existing browser session.
Jun 25, 2018 12:56:38.31 ATTENTION: default value of option force_s3tc_enable overridden by environment.
Jun 25, 2018 12:56:38.42 Created new window in existing browser session.
